\BOOKMARK [1][-]{section.1}{\376\377\000I\000n\000t\000r\000o\000d\000u\000c\000t\000i\000o\000n}{}% 1
\BOOKMARK [1][-]{section.2}{\376\377\000M\000e\000t\000h\000o\000d\000o\000l\000o\000g\000y}{}% 2
\BOOKMARK [2][-]{subsection.2.1}{\376\377\000D\000e\000v\000e\000l\000o\000p\000m\000e\000n\000t\000\040\000F\000r\000a\000m\000e\000w\000o\000r\000k}{section.2}% 3
\BOOKMARK [2][-]{subsection.2.2}{\376\377\000N\000V\000I\000D\000I\000A\000\040\000T\000e\000n\000s\000o\000r\000R\000T}{section.2}% 4
\BOOKMARK [2][-]{subsection.2.3}{\376\377\000N\000V\000I\000D\000I\000A\000\040\000T\000r\000i\000t\000o\000n\000\040\000I\000n\000f\000e\000r\000e\000n\000c\000e\000\040\000S\000e\000r\000v\000e\000r}{section.2}% 5
\BOOKMARK [1][-]{section.3}{\376\377\000M\000o\000d\000e\000l\000\040\000E\000v\000a\000l\000u\000a\000t\000i\000o\000n}{}% 6
\BOOKMARK [1][-]{section.4}{\376\377\000M\000L\000P\000e\000r\000f\000\040\000b\000e\000n\000c\000h\000m\000a\000r\000k}{}% 7
\BOOKMARK [2][-]{subsection.4.1}{\376\377\000M\000L\000P\000e\000r\000f\000\040\000I\000n\000f\000e\000r\000e\000n\000c\000e\000\040\000B\000e\000n\000c\000h\000m\000a\000r\000k}{section.4}% 8
\BOOKMARK [2][-]{subsection.4.2}{\376\377\000M\000L\000P\000e\000r\000f\000\040\000T\000r\000a\000i\000n\000i\000n\000g\000\040\000b\000e\000n\000c\000h\000m\000a\000r\000k}{section.4}% 9
\BOOKMARK [2][-]{subsection.4.3}{\376\377\000M\000L\000P\000e\000r\000f\000\040\000H\000P\000C\000\040\000b\000e\000n\000c\000h\000m\000a\000r\000k}{section.4}% 10
\BOOKMARK [1][-]{section.5}{\376\377\000O\000b\000j\000e\000c\000t\000\040\000D\000e\000t\000e\000c\000t\000i\000o\000n\000\040\000M\000e\000t\000r\000i\000c\000s\000\040\000a\000n\000d\000\040\000N\000o\000n\000-\000M\000a\000x\000i\000m\000u\000m\000\040\000S\000u\000p\000p\000r\000e\000s\000s\000i\000o\000n\000\040\000\050\000N\000M\000S\000\051}{}% 11
\BOOKMARK [2][-]{subsection.5.1}{\376\377\000H\000o\000w\000\040\000A\000P\000\040\000w\000o\000r\000k\000s\000?}{section.5}% 12
\BOOKMARK [2][-]{subsection.5.2}{\376\377\000C\000o\000m\000p\000u\000t\000i\000n\000g\000\040\000A\000P}{section.5}% 13
\BOOKMARK [2][-]{subsection.5.3}{\376\377\000N\000o\000n\000-\000M\000a\000x\000i\000m\000u\000m\000\040\000S\000u\000p\000p\000r\000e\000s\000s\000i\000o\000n\000\040\000\050\000N\000M\000S\000\051}{section.5}% 14
\BOOKMARK [1][-]{section.6}{\376\377\000Y\000O\000L\000O\000\040\000A\000R\000C\000H\000I\000T\000E\000C\000T\000U\000R\000E\000S\000\040\000R\000e\000v\000i\000e\000w}{}% 15
\BOOKMARK [1][-]{section.7}{\376\377\000Y\000O\000L\000O\000:\000\040\000Y\000o\000u\000\040\000O\000n\000l\000y\000\040\000L\000o\000o\000k\000\040\000O\000n\000c\000e}{}% 16
\BOOKMARK [2][-]{subsection.7.1}{\376\377\000Y\000O\000L\000O\000v\0001\000\040\000A\000r\000c\000h\000i\000t\000e\000c\000t\000u\000r\000e}{section.7}% 17
\BOOKMARK [1][-]{section.8}{\376\377\000Y\000O\000L\000O\000v\0002\000:\000\040\000B\000e\000t\000t\000e\000r\000,\000\040\000F\000a\000s\000t\000e\000r\000,\000\040\000a\000n\000d\000\040\000S\000t\000r\000o\000n\000g\000e\000r}{}% 18
\BOOKMARK [2][-]{subsection.8.1}{\376\377\000Y\000O\000L\000O\000v\0002\000\040\000A\000r\000c\000h\000i\000t\000e\000c\000t\000u\000r\000e}{section.8}% 19
\BOOKMARK [2][-]{subsection.8.2}{\376\377\000Y\000O\000L\000O\0009\0000\0000\0000\000\040\000i\000s\000\040\000a\000\040\000s\000t\000r\000o\000n\000g\000e\000r\000\040\000Y\000O\000L\000O\000v\0002}{section.8}% 20
\BOOKMARK [1][-]{section.9}{\376\377\000Y\000O\000L\000O\000v\0003}{}% 21
\BOOKMARK [2][-]{subsection.9.1}{\376\377\000Y\000O\000L\000O\000v\0003\000\040\000A\000r\000c\000h\000i\000t\000e\000c\000t\000u\000r\000e}{section.9}% 22
\BOOKMARK [1][-]{section.10}{\376\377\000B\000a\000c\000k\000b\000o\000n\000e\000,\000\040\000N\000e\000c\000k\000,\000\040\000a\000n\000d\000\040\000H\000e\000a\000d}{}% 23
\BOOKMARK [1][-]{section.11}{\376\377\000Y\000O\000L\000O\000v\0004}{}% 24
\BOOKMARK [2][-]{subsection.11.1}{\376\377\000Y\000O\000L\000O\000v\0004\000\040\000A\000r\000c\000h\000i\000t\000e\000c\000t\000u\000r\000e}{section.11}% 25
\BOOKMARK [2][-]{subsection.11.2}{\376\377\000Y\000O\000L\000O\000v\0004\000\040\000P\000e\000r\000f\000o\000r\000m\000a\000n\000c\000e\000\040\000E\000v\000a\000l\000u\000a\000t\000i\000o\000n}{section.11}% 26
\BOOKMARK [1][-]{section.12}{\376\377\000Y\000O\000L\000O\000v\0005}{}% 27
\BOOKMARK [2][-]{subsection.12.1}{\376\377\000Y\000O\000L\000O\000v\0005\000\040\000A\000r\000c\000h\000i\000t\000e\000c\000t\000u\000r\000e}{section.12}% 28
\BOOKMARK [2][-]{subsection.12.2}{\376\377\000Y\000O\000L\000O\000v\0005\000\040\000P\000e\000r\000f\000o\000r\000m\000a\000n\000c\000e\000\040\000E\000v\000a\000l\000u\000a\000t\000i\000o\000n}{section.12}% 29
\BOOKMARK [1][-]{section.13}{\376\377\000S\000c\000a\000l\000e\000d\000-\000Y\000O\000L\000O\000v\0004}{}% 30
\BOOKMARK [2][-]{subsection.13.1}{\376\377\000S\000c\000a\000l\000e\000d\000-\000Y\000O\000L\000O\000v\0004\000\040\000A\000r\000c\000h\000i\000t\000e\000c\000t\000u\000r\000e}{section.13}% 31
\BOOKMARK [2][-]{subsection.13.2}{\376\377\000S\000c\000a\000l\000e\000d\000-\000Y\000O\000L\000O\000v\0004\000\040\000P\000e\000r\000f\000o\000r\000m\000a\000n\000c\000e\000\040\000E\000v\000a\000l\000u\000a\000t\000i\000o\000n}{section.13}% 32
\BOOKMARK [1][-]{section.14}{\376\377\000Y\000O\000L\000O\000R}{}% 33
\BOOKMARK [2][-]{subsection.14.1}{\376\377\000Y\000O\000L\000O\000R\000\040\000A\000r\000c\000h\000i\000t\000e\000c\000t\000u\000r\000e}{section.14}% 34
\BOOKMARK [2][-]{subsection.14.2}{\376\377\000Y\000O\000L\000O\000R\000\040\000P\000e\000r\000f\000o\000r\000m\000a\000n\000c\000e\000\040\000E\000v\000a\000l\000u\000a\000t\000i\000o\000n}{section.14}% 35
\BOOKMARK [1][-]{section.15}{\376\377\000Y\000O\000L\000O\000X}{}% 36
\BOOKMARK [2][-]{subsection.15.1}{\376\377\000Y\000O\000L\000O\000X\000\040\000A\000r\000c\000h\000i\000t\000e\000c\000t\000u\000r\000e}{section.15}% 37
\BOOKMARK [2][-]{subsection.15.2}{\376\377\000Y\000O\000L\000O\000X\000\040\000P\000e\000r\000f\000o\000r\000m\000a\000n\000c\000e\000\040\000E\000v\000a\000l\000u\000a\000t\000i\000o\000n}{section.15}% 38
\BOOKMARK [1][-]{section.16}{\376\377\000Y\000O\000L\000O\000v\0006}{}% 39
\BOOKMARK [2][-]{subsection.16.1}{\376\377\000Y\000O\000L\000O\000v\0006\000\040\000A\000r\000c\000h\000i\000t\000e\000c\000t\000u\000r\000e}{section.16}% 40
\BOOKMARK [2][-]{subsection.16.2}{\376\377\000Y\000O\000L\000O\000v\0006\000\040\000P\000e\000r\000f\000o\000r\000m\000a\000n\000c\000e\000\040\000E\000v\000a\000l\000u\000a\000t\000i\000o\000n}{section.16}% 41
\BOOKMARK [1][-]{section.17}{\376\377\000Y\000O\000L\000O\000v\0007}{}% 42
\BOOKMARK [2][-]{subsection.17.1}{\376\377\000C\000o\000m\000p\000a\000r\000i\000s\000o\000n\000\040\000w\000i\000t\000h\000\040\000Y\000O\000L\000O\000v\0004\000\040\000a\000n\000d\000\040\000Y\000O\000L\000O\000R}{section.17}% 43
\BOOKMARK [2][-]{subsection.17.2}{\376\377\000Y\000O\000L\000O\000v\0007\000\040\000A\000r\000c\000h\000i\000t\000e\000c\000t\000u\000r\000e}{section.17}% 44
\BOOKMARK [2][-]{subsection.17.3}{\376\377\000Y\000O\000L\000O\000v\0007\000\040\000P\000e\000r\000f\000o\000r\000m\000a\000n\000c\000e\000\040\000E\000v\000a\000l\000u\000a\000t\000i\000o\000n}{section.17}% 45
\BOOKMARK [1][-]{section.18}{\376\377\000D\000A\000M\000O\000-\000Y\000O\000L\000O}{}% 46
\BOOKMARK [1][-]{section.19}{\376\377\000Y\000O\000L\000O\000v\0008}{}% 47
\BOOKMARK [2][-]{subsection.19.1}{\376\377\000Y\000O\000L\000O\000v\0008\000\040\000A\000r\000c\000h\000i\000t\000e\000c\000t\000u\000r\000e}{section.19}% 48
\BOOKMARK [1][-]{section.20}{\376\377\000P\000P\000-\000Y\000O\000L\000O\000,\000\040\000P\000P\000-\000Y\000O\000L\000O\000v\0002\000,\000\040\000a\000n\000d\000\040\000P\000P\000-\000Y\000O\000L\000O\000E}{}% 49
\BOOKMARK [2][-]{subsection.20.1}{\376\377\000P\000P\000-\000Y\000O\000L\000O\000\040\000a\000u\000g\000m\000e\000n\000t\000a\000t\000i\000o\000n\000s\000\040\000a\000n\000d\000\040\000p\000r\000e\000p\000r\000o\000c\000e\000s\000s\000i\000n\000g}{section.20}% 50
\BOOKMARK [2][-]{subsection.20.2}{\376\377\000P\000P\000-\000Y\000O\000L\000O\000v\0002}{section.20}% 51
\BOOKMARK [2][-]{subsection.20.3}{\376\377\000P\000P\000-\000Y\000O\000L\000O\000E}{section.20}% 52
\BOOKMARK [1][-]{section.21}{\376\377\000Y\000O\000L\000O\000-\000N\000A\000S}{}% 53
\BOOKMARK [1][-]{section.22}{\376\377\000Y\000O\000L\000O\000\040\000w\000i\000t\000h\000\040\000T\000r\000a\000n\000s\000f\000o\000r\000m\000e\000r\000s}{}% 54
\BOOKMARK [1][-]{section.23}{\376\377\000D\000i\000s\000c\000u\000s\000s\000i\000o\000n\000s}{}% 55
\BOOKMARK [1][-]{section.24}{\376\377\000A\000c\000k\000n\000o\000w\000l\000e\000d\000g\000m\000e\000n\000t\000s}{}% 56
